[2026-01-02 11:55:26] ERROR: VERSION file not found. Please create a VERSION file in the repository root.
[2026-01-02 11:55:47] Version read from VERSION: 1.0.0
[2026-01-02 11:57:48] Version read from VERSION: 1.0.0
[2026-01-02 11:57:48] Created release directory: release/
[2026-01-02 11:58:01] Version read from VERSION: 1.0.0
[2026-01-02 11:58:01] Release directory already exists: release/
[2026-01-02 12:09:27] Version read from VERSION: 1.0.0
[2026-01-02 12:09:27] Release directory already exists: release/
[2026-01-02 12:11:02] Version read from VERSION: 1.0.0
[2026-01-02 12:11:02] Release directory already exists: release/
[2026-01-02 12:12:19] Version read from VERSION: 1.0.0
[2026-01-02 12:12:19] Release directory already exists: release/
[2026-01-02 12:12:19] Found 4 file(s) to package
tar (child): : Cannot open: No such file or directory
tar (child): Error is not recoverable: exiting now
tar: : Cannot write: Broken pipe
tar: Child returned status 2
tar: Error is not recoverable: exiting now
[2026-01-02 12:12:19] ERROR: Failed to create archive
[2026-01-02 12:13:32] Version read from VERSION: 1.0.0
[2026-01-02 12:13:32] Release directory already exists: release/
[2026-01-02 12:13:33] Found 4 file(s) to package
tar (child): : Cannot open: No such file or directory
tar (child): Error is not recoverable: exiting now
tar: : Cannot write: Broken pipe
tar: Child returned status 2
tar: Error is not recoverable: exiting now
[2026-01-02 12:13:33] ERROR: Failed to create archive
[2026-01-02 12:15:58] Version read from VERSION: 1.0.0
[2026-01-02 12:15:58] Release directory already exists: release/
[2026-01-02 12:15:58] Found 4 file(s) to package
tar (child): : Cannot open: No such file or directory
tar (child): Error is not recoverable: exiting now
tar: : Cannot write: Broken pipe
tar: Child returned status 2
tar: Error is not recoverable: exiting now
[2026-01-02 12:15:58] ERROR: Failed to create archive
[2026-01-02 12:19:20] Version read from VERSION: 1.0.0
[2026-01-02 12:19:20] Release directory already exists: release/
[2026-01-02 12:19:20] Found 4 file(s) to package
tar (child): release: Cannot open: Is a directory
tar (child): Error is not recoverable: exiting now
tar: Child returned status 2
tar: Error is not recoverable: exiting now
[2026-01-02 12:19:20] ERROR: Failed to create archive
[2026-01-02 12:19:28] Version read from VERSION: 1.0.0
[2026-01-02 12:19:28] Release directory already exists: release/
[2026-01-02 12:19:28] Found 4 file(s) to package
[2026-01-02 12:19:28] Successfully created archive: release/app-1.0.0-20260102_121928.tar.gz
[2026-01-02 12:20:06] Version read from VERSION: 1.0.0
[2026-01-02 12:20:06] Release directory already exists: release/
[2026-01-02 12:20:06] Found 4 file(s) to package
[2026-01-02 12:20:06] Successfully created archive: release/app-1.0.0-20260102_1220.tar.gz
[2026-01-02 12:37:19] Version read from VERSION: 1.0.0
[2026-01-02 12:37:19] Release directory already exists: release/
[2026-01-02 12:37:20] Found 4 file(s) to package
[2026-01-02 12:37:20] Successfully created archive: release/app-1.0.0-20260102_1237.tar.gz
